2025-09-11 16:14:55,863 - INFO - setupLogging:161 - Logging initialized. Log file: logs/preCheck_20250911_161455.log
2025-09-11 16:14:55,864 - INFO - main:47 - Connecting to nxos-switch-01
2025-09-11 16:14:55,868 - ERROR - main:74 - Failed on nxos-switch-01: TCP connection to device failed.

Common causes of this problem are:
1. Incorrect hostname or IP address.
2. Wrong TCP port.
3. Intermediate firewall blocking access.

Device settings: cisco_nxos nxos-switch-01:22


2025-09-11 16:14:55,868 - INFO - main:47 - Connecting to nxos-switch-02
2025-09-11 16:14:55,869 - ERROR - main:74 - Failed on nxos-switch-02: TCP connection to device failed.

Common causes of this problem are:
1. Incorrect hostname or IP address.
2. Wrong TCP port.
3. Intermediate firewall blocking access.

Device settings: cisco_nxos nxos-switch-02:22


2025-09-11 16:14:55,869 - INFO - main:47 - Connecting to nxos-switch-03
2025-09-11 16:14:55,871 - ERROR - main:74 - Failed on nxos-switch-03: TCP connection to device failed.

Common causes of this problem are:
1. Incorrect hostname or IP address.
2. Wrong TCP port.
3. Intermediate firewall blocking access.

Device settings: cisco_nxos nxos-switch-03:22


2025-09-11 16:14:55,871 - INFO - main:47 - Connecting to nxos-switch-04
2025-09-11 16:14:55,872 - ERROR - main:74 - Failed on nxos-switch-04: TCP connection to device failed.

Common causes of this problem are:
1. Incorrect hostname or IP address.
2. Wrong TCP port.
3. Intermediate firewall blocking access.

Device settings: cisco_nxos nxos-switch-04:22


2025-09-11 16:14:55,872 - INFO - main:47 - Connecting to nxos-switch-05
2025-09-11 16:14:55,873 - ERROR - main:74 - Failed on nxos-switch-05: TCP connection to device failed.

Common causes of this problem are:
1. Incorrect hostname or IP address.
2. Wrong TCP port.
3. Intermediate firewall blocking access.

Device settings: cisco_nxos nxos-switch-05:22


2025-09-11 16:14:55,873 - INFO - main:77 - Pre-check complete. Files saved in: precheck_20250911_161455
